Using pre-set license
Built from '6000.1/staging' branch; Version is '6000.1.10f1 (3c681a6c22ff) revision 3958810'; Using compiler version '194234433'; Build Type 'Release'
OS: 'Windows 11  (10.0.26100) 64bit Professional' Language: 'ru' Physical Memory: 16253 MB
BatchMode: 1, IsHumanControllingUs: 0, StartBugReporterOnCrash: 0, Is64bit: 1, IsPro: 1
Date: 2025-07-12T13:33:22Z

COMMAND LINE ARGUMENTS:
C:\Program Files\Unity\Hub\Editor\6000.1.10f1\Editor\Unity.exe
-adb2
-batchMode
-noUpm
-name
AssetImportWorker1
-projectPath
D:/Labs/Study/4 year/2 Semester/DiplomaWork/DarkOperations
-logFile
Logs/AssetImportWorker1.log
-srvPort
63553
-job-worker-count
5
-background-job-worker-count
8
-gc-helper-count
1
-name
AssetImport
Successfully changed project path to: D:/Labs/Study/4 year/2 Semester/DiplomaWork/DarkOperations
D:/Labs/Study/4 year/2 Semester/DiplomaWork/DarkOperations
[UnityMemory] Configuration Parameters - Can be set up in boot.config
    "memorysetup-allocator-temp-initial-block-size-main=262144"
    "memorysetup-allocator-temp-initial-block-size-worker=262144"
    "memorysetup-bucket-allocator-granularity=16"
    "memorysetup-bucket-allocator-bucket-count=8"
    "memorysetup-bucket-allocator-block-size=33554432"
    "memorysetup-bucket-allocator-block-count=8"
    "memorysetup-main-allocator-block-size=16777216"
    "memorysetup-thread-allocator-block-size=16777216"
    "memorysetup-gfx-main-allocator-block-size=16777216"
    "memorysetup-gfx-thread-allocator-block-size=16777216"
    "memorysetup-cache-allocator-block-size=4194304"
    "memorysetup-typetree-allocator-block-size=2097152"
    "memorysetup-profiler-bucket-allocator-granularity=16"
    "memorysetup-profiler-bucket-allocator-bucket-count=8"
    "memorysetup-profiler-bucket-allocator-block-size=33554432"
    "memorysetup-profiler-bucket-allocator-block-count=8"
    "memorysetup-profiler-allocator-block-size=16777216"
    "memorysetup-profiler-editor-allocator-block-size=1048576"
    "memorysetup-temp-allocator-size-main=16777216"
    "memorysetup-job-temp-allocator-block-size=2097152"
    "memorysetup-job-temp-allocator-block-size-background=1048576"
    "memorysetup-job-temp-allocator-reduction-small-platforms=262144"
    "memorysetup-temp-allocator-size-background-worker=32768"
    "memorysetup-temp-allocator-size-job-worker=262144"
    "memorysetup-temp-allocator-size-preload-manager=33554432"
    "memorysetup-temp-allocator-size-nav-mesh-worker=65536"
    "memorysetup-temp-allocator-size-audio-worker=65536"
    "memorysetup-temp-allocator-size-cloud-worker=32768"
    "memorysetup-temp-allocator-size-gi-baking-worker=262144"
    "memorysetup-temp-allocator-size-gi-baking-worker=262144"
    "memorysetup-temp-allocator-size-gi-baking-worker=262144"
    "memorysetup-temp-allocator-size-gi-baking-worker=262144"
    "memorysetup-temp-allocator-size-gi-baking-worker=262144"
    "memorysetup-temp-allocator-size-gfx=262144"
Player connection [19972]  Target information:

Player connection [19972]  * "[IP] 192.168.31.211 [Port] 0 [Flags] 2 [Guid] 3763182769 [EditorId] 3763182769 [Version] 1048832 [Id] WindowsEditor(7,Kirill) [Debug] 1 [PackageName] WindowsEditor [ProjectName] Editor" 

Player connection [19972] Host joined multi-casting on [225.0.0.222:54997]...
Player connection [19972] Host joined alternative multi-casting on [225.0.0.222:34997]...
JobSystem: Creating JobQueue using job-worker-count value 5
Input System module state changed to: Initialized.
[Physics::Module] Initialized fallback backend.
[Physics::Module] Id: 0xdecafbad
Library Redirect Path: Library/
[Physics::Module] Selected backend.
[Physics::Module] Name: PhysX
[Physics::Module] Id: 0xf2b8ea05
[Physics::Module] SDK Version: 4.1.2
[Physics::Module] Integration Version: 1.0.0
[Physics::Module] Threading Mode: Multi-Threaded
Refreshing native plugins compatible for Editor in 2.63 ms, found 3 plugins.
Preloading 0 native plugins for Editor in 0.00 ms.
Initialize engine version: 6000.1.10f1 (3c681a6c22ff)
[Subsystems] Discovering subsystems at path C:/Program Files/Unity/Hub/Editor/6000.1.10f1/Editor/Data/Resources/UnitySubsystems
[Subsystems] Discovering subsystems at path D:/Labs/Study/4 year/2 Semester/DiplomaWork/DarkOperations/Assets
GfxDevice: creating device client; kGfxThreadingModeNonThreaded
Direct3D:
    Version:         Direct3D 12 [level 12.1]
    Renderer:        NVIDIA GeForce GTX 1650 (ID=0x1f99)
    Vendor:          NVIDIA
    VRAM:            3937 MB
    App VRAM Budget: 3346 MB
    Driver:          32.0.15.7688
Initialize mono
Mono path[0] = 'C:/Program Files/Unity/Hub/Editor/6000.1.10f1/Editor/Data/Managed'
Mono path[1] = 'C:/Program Files/Unity/Hub/Editor/6000.1.10f1/Editor/Data/MonoBleedingEdge/lib/mono/unityjit-win32'
Mono config path = 'C:/Program Files/Unity/Hub/Editor/6000.1.10f1/Editor/Data/MonoBleedingEdge/etc'
Using monoOptions --debugger-agent=transport=dt_socket,embedding=1,server=y,suspend=n,address=127.0.0.1:56484
Begin MonoManager ReloadAssembly
Registering precompiled unity dll's ...
Register platform support module: C:/Program Files/Unity/Hub/Editor/6000.1.10f1/Editor/Data/PlaybackEngines/WindowsStandaloneSupport/UnityEditor.WindowsStandalone.Extensions.dll
Registered in 0.002693 seconds.
- Loaded All Assemblies, in  0.514 seconds
Native extension for WindowsStandalone target not found
Mono: successfully reloaded assembly
- Finished resetting the current domain, in  0.453 seconds
Domain Reload Profiling: 965ms
	BeginReloadAssembly (169ms)
		ExecutionOrderSort (0ms)
		DisableScriptedObjects (0ms)
		BackupInstance (0ms)
		ReleaseScriptingObjects (0ms)
		CreateAndSetChildDomain (1ms)
	RebuildCommonClasses (46ms)
	RebuildNativeTypeToScriptingClass (14ms)
	initialDomainReloadingComplete (69ms)
	LoadAllAssembliesAndSetupDomain (215ms)
		LoadAssemblies (167ms)
		RebuildTransferFunctionScriptingTraits (0ms)
		AnalyzeDomain (211ms)
			TypeCache.Refresh (209ms)
				TypeCache.ScanAssembly (192ms)
			BuildScriptInfoCaches (0ms)
			ResolveRequiredComponents (1ms)
	FinalizeReload (454ms)
		ReleaseScriptCaches (0ms)
		RebuildScriptCaches (0ms)
		SetupLoadedEditorAssemblies (394ms)
			LogAssemblyErrors (0ms)
			InitializePlatformSupportModulesInManaged (61ms)
			SetLoadedEditorAssemblies (5ms)
			BeforeProcessingInitializeOnLoad (80ms)
			ProcessInitializeOnLoadAttributes (175ms)
			ProcessInitializeOnLoadMethodAttributes (73ms)
			AfterProcessingInitializeOnLoad (0ms)
			EditorAssembliesLoaded (0ms)
		ExecutionOrderSort2 (0ms)
		AwakeInstancesAfterBackupRestoration (0ms)
========================================================================
Worker process is ready to serve import requests
Import Worker Mode flag is 0x00
Begin MonoManager ReloadAssembly
- Loaded All Assemblies, in  0.941 seconds
Refreshing native plugins compatible for Editor in 0.92 ms, found 3 plugins.
Native extension for WindowsStandalone target not found
Mono: successfully reloaded assembly
- Finished resetting the current domain, in  1.111 seconds
Domain Reload Profiling: 2050ms
	BeginReloadAssembly (233ms)
		ExecutionOrderSort (0ms)
		DisableScriptedObjects (8ms)
		BackupInstance (0ms)
		ReleaseScriptingObjects (0ms)
		CreateAndSetChildDomain (41ms)
	RebuildCommonClasses (44ms)
	RebuildNativeTypeToScriptingClass (14ms)
	initialDomainReloadingComplete (44ms)
	LoadAllAssembliesAndSetupDomain (603ms)
		LoadAssemblies (435ms)
		RebuildTransferFunctionScriptingTraits (0ms)
		AnalyzeDomain (304ms)
			TypeCache.Refresh (231ms)
				TypeCache.ScanAssembly (211ms)
			BuildScriptInfoCaches (57ms)
			ResolveRequiredComponents (12ms)
	FinalizeReload (1111ms)
		ReleaseScriptCaches (0ms)
		RebuildScriptCaches (0ms)
		SetupLoadedEditorAssemblies (862ms)
			LogAssemblyErrors (0ms)
			InitializePlatformSupportModulesInManaged (3ms)
			SetLoadedEditorAssemblies (6ms)
			BeforeProcessingInitializeOnLoad (150ms)
			ProcessInitializeOnLoadAttributes (630ms)
			ProcessInitializeOnLoadMethodAttributes (67ms)
			AfterProcessingInitializeOnLoad (6ms)
			EditorAssembliesLoaded (0ms)
		ExecutionOrderSort2 (0ms)
		AwakeInstancesAfterBackupRestoration (7ms)
Launched and connected shader compiler UnityShaderCompiler.exe after 0.01 seconds
Refreshing native plugins compatible for Editor in 1.07 ms, found 3 plugins.
Preloading 0 native plugins for Editor in 0.00 ms.
Unloading 202 Unused Serialized files (Serialized files now loaded: 0)
Unloading 5970 unused Assets / (4.9 MB). Loaded Objects now: 6663.
Memory consumption went from 161.2 MB to 156.3 MB.
Total: 13.118100 ms (FindLiveObjects: 0.906900 ms CreateObjectMapping: 1.168800 ms MarkObjects: 6.471800 ms  DeleteObjects: 4.567400 ms)

========================================================================
Received Import Request.
  Time since last request: 86691.193353 seconds.
  path: Assets/InputSystem_Actions.inputactions
  artifactKey: Guid(052faaac586de48259a63d0c4782560b) Importer(815301076,1909f56bfc062723c751e8b465ee728b)
Start importing Assets/InputSystem_Actions.inputactions using Guid(052faaac586de48259a63d0c4782560b) Importer(815301076,1909f56bfc062723c751e8b465ee728b) (PreviewImporter) -> (artifact id: '15be5ba4d5b2b3ffcc56475d7901d8b3') in 0.0431915 seconds
Number of updated asset objects reloaded before import = 0Number of asset objects unloaded after import = 20

========================================================================
Received Import Request.
  Time since last request: 0.000034 seconds.
  path: Assets/Readme.asset
  artifactKey: Guid(8105016687592461f977c054a80ce2f2) Importer(815301076,1909f56bfc062723c751e8b465ee728b)
Start importing Assets/Readme.asset using Guid(8105016687592461f977c054a80ce2f2) Importer(815301076,1909f56bfc062723c751e8b465ee728b) (PreviewImporter) -> (artifact id: '50ea5ad2cda8720781b90d71f311d8d1') in 0.0043715 seconds
Number of updated asset objects reloaded before import = 0Number of asset objects unloaded after import = 2

========================================================================
Received Prepare
Begin MonoManager ReloadAssembly
Symbol file LoadedFromMemory is not a mono symbol file
- Loaded All Assemblies, in 21.116 seconds
'Packages/com.unity.render-pipelines.high-definition/Editor/Wizard/HDWizard.UIElement.cs' contains partial class of Unity.Object, exactly 1 of the partial classes needs to be in a file with the same filename. This is to know the one that can be referenced from ie. GameObjects
'Packages/com.unity.render-pipelines.high-definition/Editor/Wizard/HDWizard.Configuration.cs' contains partial class of Unity.Object, exactly 1 of the partial classes needs to be in a file with the same filename. This is to know the one that can be referenced from ie. GameObjects
'Packages/com.unity.render-pipelines.high-definition/Editor/Wizard/HDWizard.Window.cs' contains partial class of Unity.Object, exactly 1 of the partial classes needs to be in a file with the same filename. This is to know the one that can be referenced from ie. GameObjects
Refreshing native plugins compatible for Editor in 2.41 ms, found 3 plugins.
Native extension for WindowsStandalone target not found
Mono: successfully reloaded assembly
- Finished resetting the current domain, in  1.694 seconds
Domain Reload Profiling: 22810ms
	BeginReloadAssembly (258ms)
		ExecutionOrderSort (0ms)
		DisableScriptedObjects (10ms)
		BackupInstance (0ms)
		ReleaseScriptingObjects (0ms)
		CreateAndSetChildDomain (57ms)
	RebuildCommonClasses (73ms)
	RebuildNativeTypeToScriptingClass (23ms)
	initialDomainReloadingComplete (60ms)
	LoadAllAssembliesAndSetupDomain (20700ms)
		LoadAssemblies (20200ms)
		RebuildTransferFunctionScriptingTraits (0ms)
		AnalyzeDomain (617ms)
			TypeCache.Refresh (365ms)
				TypeCache.ScanAssembly (335ms)
			BuildScriptInfoCaches (221ms)
			ResolveRequiredComponents (24ms)
	FinalizeReload (1695ms)
		ReleaseScriptCaches (0ms)
		RebuildScriptCaches (0ms)
		SetupLoadedEditorAssemblies (1329ms)
			LogAssemblyErrors (0ms)
			InitializePlatformSupportModulesInManaged (5ms)
			SetLoadedEditorAssemblies (7ms)
			BeforeProcessingInitializeOnLoad (228ms)
			ProcessInitializeOnLoadAttributes (956ms)
			ProcessInitializeOnLoadMethodAttributes (124ms)
			AfterProcessingInitializeOnLoad (9ms)
			EditorAssembliesLoaded (0ms)
		ExecutionOrderSort2 (0ms)
		AwakeInstancesAfterBackupRestoration (26ms)
Shader 'HDRP/TerrainLit': dependency 'BaseMapShader' shader 'Hidden/HDRP/TerrainLit_Basemap' not found
Shader 'HDRP/TerrainLit': dependency 'BaseMapGenShader' shader 'Hidden/HDRP/TerrainLit_BasemapGen' not found
WARNING: Shader Unsupported: 'HDRP/TerrainLit' - All subshaders removed
WARNING: Shader Did you use #pragma only_renderers and omit this platform?
WARNING: Shader If subshaders removal was intentional, you may have forgotten turning Fallback off?
WARNING: Shader Unsupported: 'HDRP/TerrainLit' - All subshaders removed
WARNING: Shader Did you use #pragma only_renderers and omit this platform?
WARNING: Shader If subshaders removal was intentional, you may have forgotten turning Fallback off?
Refreshing native plugins compatible for Editor in 1.72 ms, found 3 plugins.
Preloading 0 native plugins for Editor in 0.00 ms.
Unloading 319 Unused Serialized files (Serialized files now loaded: 0)
Unloading 7912 unused Assets / (47.1 MB). Loaded Objects now: 8330.
Memory consumption went from 232.3 MB to 185.3 MB.
Total: 39.631700 ms (FindLiveObjects: 1.905500 ms CreateObjectMapping: 2.672300 ms MarkObjects: 9.883800 ms  DeleteObjects: 25.166500 ms)

Prepare: number of updated asset objects reloaded= 56
========================================================================
Received Prepare
WARNING: Shader Unsupported: 'HDRP/TerrainLit' - All subshaders removed
WARNING: Shader Did you use #pragma only_renderers and omit this platform?
WARNING: Shader If subshaders removal was intentional, you may have forgotten turning Fallback off?
WARNING: Shader Unsupported: 'HDRP/TerrainLit' - All subshaders removed
WARNING: Shader Did you use #pragma only_renderers and omit this platform?
WARNING: Shader If subshaders removal was intentional, you may have forgotten turning Fallback off?
Refreshing native plugins compatible for Editor in 1.51 ms, found 3 plugins.
Preloading 0 native plugins for Editor in 0.00 ms.
Unloading 309 Unused Serialized files (Serialized files now loaded: 0)
Unloading 309 unused Assets / (29.8 MB). Loaded Objects now: 8330.
Memory consumption went from 227.4 MB to 197.7 MB.
Total: 27.093200 ms (FindLiveObjects: 0.954000 ms CreateObjectMapping: 0.949800 ms MarkObjects: 9.583200 ms  DeleteObjects: 15.603200 ms)

Prepare: number of updated asset objects reloaded= 1
========================================================================
Received Prepare
Begin MonoManager ReloadAssembly
Symbol file LoadedFromMemory is not a mono symbol file
- Loaded All Assemblies, in  1.443 seconds
'Packages/com.unity.render-pipelines.high-definition/Editor/Wizard/HDWizard.UIElement.cs' contains partial class of Unity.Object, exactly 1 of the partial classes needs to be in a file with the same filename. This is to know the one that can be referenced from ie. GameObjects
'Packages/com.unity.render-pipelines.high-definition/Editor/Wizard/HDWizard.Configuration.cs' contains partial class of Unity.Object, exactly 1 of the partial classes needs to be in a file with the same filename. This is to know the one that can be referenced from ie. GameObjects
'Packages/com.unity.render-pipelines.high-definition/Editor/Wizard/HDWizard.Window.cs' contains partial class of Unity.Object, exactly 1 of the partial classes needs to be in a file with the same filename. This is to know the one that can be referenced from ie. GameObjects
Refreshing native plugins compatible for Editor in 0.87 ms, found 3 plugins.
Native extension for WindowsStandalone target not found
Mono: successfully reloaded assembly
- Finished resetting the current domain, in  1.067 seconds
Domain Reload Profiling: 2512ms
	BeginReloadAssembly (600ms)
		ExecutionOrderSort (0ms)
		DisableScriptedObjects (11ms)
		BackupInstance (0ms)
		ReleaseScriptingObjects (0ms)
		CreateAndSetChildDomain (374ms)
	RebuildCommonClasses (45ms)
	RebuildNativeTypeToScriptingClass (17ms)
	initialDomainReloadingComplete (34ms)
	LoadAllAssembliesAndSetupDomain (747ms)
		LoadAssemblies (452ms)
		RebuildTransferFunctionScriptingTraits (0ms)
		AnalyzeDomain (427ms)
			TypeCache.Refresh (260ms)
				TypeCache.ScanAssembly (243ms)
			BuildScriptInfoCaches (145ms)
			ResolveRequiredComponents (15ms)
	FinalizeReload (1068ms)
		ReleaseScriptCaches (0ms)
		RebuildScriptCaches (0ms)
		SetupLoadedEditorAssemblies (856ms)
			LogAssemblyErrors (0ms)
			InitializePlatformSupportModulesInManaged (2ms)
			SetLoadedEditorAssemblies (6ms)
			BeforeProcessingInitializeOnLoad (166ms)
			ProcessInitializeOnLoadAttributes (603ms)
			ProcessInitializeOnLoadMethodAttributes (72ms)
			AfterProcessingInitializeOnLoad (6ms)
			EditorAssembliesLoaded (0ms)
		ExecutionOrderSort2 (0ms)
		AwakeInstancesAfterBackupRestoration (15ms)
WARNING: Shader Unsupported: 'HDRP/TerrainLit' - All subshaders removed
WARNING: Shader Did you use #pragma only_renderers and omit this platform?
WARNING: Shader If subshaders removal was intentional, you may have forgotten turning Fallback off?
WARNING: Shader Unsupported: 'HDRP/TerrainLit' - All subshaders removed
WARNING: Shader Did you use #pragma only_renderers and omit this platform?
WARNING: Shader If subshaders removal was intentional, you may have forgotten turning Fallback off?
Refreshing native plugins compatible for Editor in 0.83 ms, found 3 plugins.
Preloading 0 native plugins for Editor in 0.00 ms.
Unloading 327 Unused Serialized files (Serialized files now loaded: 0)
Unloading 8199 unused Assets / (55.4 MB). Loaded Objects now: 8409.
Memory consumption went from 244.5 MB to 189.1 MB.
Total: 28.622000 ms (FindLiveObjects: 1.117700 ms CreateObjectMapping: 1.069100 ms MarkObjects: 6.133000 ms  DeleteObjects: 20.300100 ms)

Prepare: number of updated asset objects reloaded= 0
========================================================================
Received Import Request.
  Time since last request: 398.609020 seconds.
  path: Assets/Readme.asset
  artifactKey: Guid(8105016687592461f977c054a80ce2f2) Importer(815301076,1909f56bfc062723c751e8b465ee728b)
Start importing Assets/Readme.asset using Guid(8105016687592461f977c054a80ce2f2) Importer(815301076,1909f56bfc062723c751e8b465ee728b) (PreviewImporter) -> (artifact id: 'da1d7f2ac25edac3598e21ef0849251e') in 0.0351778 seconds
Number of updated asset objects reloaded before import = 0Number of asset objects unloaded after import = 2

========================================================================
Received Prepare
WARNING: Shader Unsupported: 'HDRP/TerrainLit' - All subshaders removed
WARNING: Shader Did you use #pragma only_renderers and omit this platform?
WARNING: Shader If subshaders removal was intentional, you may have forgotten turning Fallback off?
WARNING: Shader Unsupported: 'HDRP/TerrainLit' - All subshaders removed
WARNING: Shader Did you use #pragma only_renderers and omit this platform?
WARNING: Shader If subshaders removal was intentional, you may have forgotten turning Fallback off?
WARNING: Shader Unsupported: 'Hidden/Universal Render Pipeline/Terrain/Lit (Base Pass)' - All subshaders removed
WARNING: Shader Did you use #pragma only_renderers and omit this platform?
WARNING: Shader If subshaders removal was intentional, you may have forgotten turning Fallback off?
WARNING: Shader Unsupported: 'Hidden/Universal Render Pipeline/Terrain/Lit (Base Pass)' - All subshaders removed
WARNING: Shader Did you use #pragma only_renderers and omit this platform?
WARNING: Shader If subshaders removal was intentional, you may have forgotten turning Fallback off?
WARNING: Shader Unsupported: 'Universal Render Pipeline/Terrain/Lit' - All subshaders removed
WARNING: Shader Did you use #pragma only_renderers and omit this platform?
WARNING: Shader If subshaders removal was intentional, you may have forgotten turning Fallback off?
WARNING: Shader Unsupported: 'Universal Render Pipeline/Terrain/Lit' - All subshaders removed
WARNING: Shader Did you use #pragma only_renderers and omit this platform?
WARNING: Shader If subshaders removal was intentional, you may have forgotten turning Fallback off?
Refreshing native plugins compatible for Editor in 1.85 ms, found 3 plugins.
Preloading 0 native plugins for Editor in 0.00 ms.
Unloading 341 Unused Serialized files (Serialized files now loaded: 0)
Unloading 340 unused Assets / (31.4 MB). Loaded Objects now: 8411.
Memory consumption went from 228.7 MB to 197.3 MB.
Total: 27.166800 ms (FindLiveObjects: 1.017000 ms CreateObjectMapping: 0.930200 ms MarkObjects: 10.112600 ms  DeleteObjects: 15.104000 ms)

Prepare: number of updated asset objects reloaded= 0
========================================================================
Received Prepare
Begin MonoManager ReloadAssembly
Symbol file LoadedFromMemory is not a mono symbol file
- Loaded All Assemblies, in  0.970 seconds
'Packages/com.unity.render-pipelines.high-definition/Editor/Wizard/HDWizard.UIElement.cs' contains partial class of Unity.Object, exactly 1 of the partial classes needs to be in a file with the same filename. This is to know the one that can be referenced from ie. GameObjects
'Packages/com.unity.render-pipelines.high-definition/Editor/Wizard/HDWizard.Configuration.cs' contains partial class of Unity.Object, exactly 1 of the partial classes needs to be in a file with the same filename. This is to know the one that can be referenced from ie. GameObjects
'Packages/com.unity.render-pipelines.high-definition/Editor/Wizard/HDWizard.Window.cs' contains partial class of Unity.Object, exactly 1 of the partial classes needs to be in a file with the same filename. This is to know the one that can be referenced from ie. GameObjects
Refreshing native plugins compatible for Editor in 0.95 ms, found 3 plugins.
Native extension for WindowsStandalone target not found
Mono: successfully reloaded assembly
- Finished resetting the current domain, in  1.369 seconds
Domain Reload Profiling: 2341ms
	BeginReloadAssembly (230ms)
		ExecutionOrderSort (0ms)
		DisableScriptedObjects (7ms)
		BackupInstance (0ms)
		ReleaseScriptingObjects (0ms)
		CreateAndSetChildDomain (64ms)
	RebuildCommonClasses (46ms)
	RebuildNativeTypeToScriptingClass (20ms)
	initialDomainReloadingComplete (29ms)
	LoadAllAssembliesAndSetupDomain (646ms)
		LoadAssemblies (442ms)
		RebuildTransferFunctionScriptingTraits (0ms)
		AnalyzeDomain (307ms)
			TypeCache.Refresh (15ms)
				TypeCache.ScanAssembly (3ms)
			BuildScriptInfoCaches (271ms)
			ResolveRequiredComponents (16ms)
	FinalizeReload (1369ms)
		ReleaseScriptCaches (0ms)
		RebuildScriptCaches (0ms)
		SetupLoadedEditorAssemblies (1162ms)
			LogAssemblyErrors (0ms)
			InitializePlatformSupportModulesInManaged (2ms)
			SetLoadedEditorAssemblies (5ms)
			BeforeProcessingInitializeOnLoad (175ms)
			ProcessInitializeOnLoadAttributes (884ms)
			ProcessInitializeOnLoadMethodAttributes (89ms)
			AfterProcessingInitializeOnLoad (6ms)
			EditorAssembliesLoaded (0ms)
		ExecutionOrderSort2 (0ms)
		AwakeInstancesAfterBackupRestoration (14ms)
WARNING: Shader Unsupported: 'HDRP/TerrainLit' - All subshaders removed
WARNING: Shader Did you use #pragma only_renderers and omit this platform?
WARNING: Shader If subshaders removal was intentional, you may have forgotten turning Fallback off?
WARNING: Shader Unsupported: 'HDRP/TerrainLit' - All subshaders removed
WARNING: Shader Did you use #pragma only_renderers and omit this platform?
WARNING: Shader If subshaders removal was intentional, you may have forgotten turning Fallback off?
WARNING: Shader Unsupported: 'Hidden/Universal Render Pipeline/Terrain/Lit (Base Pass)' - All subshaders removed
WARNING: Shader Did you use #pragma only_renderers and omit this platform?
WARNING: Shader If subshaders removal was intentional, you may have forgotten turning Fallback off?
WARNING: Shader Unsupported: 'Hidden/Universal Render Pipeline/Terrain/Lit (Base Pass)' - All subshaders removed
WARNING: Shader Did you use #pragma only_renderers and omit this platform?
WARNING: Shader If subshaders removal was intentional, you may have forgotten turning Fallback off?
WARNING: Shader Unsupported: 'Universal Render Pipeline/Terrain/Lit' - All subshaders removed
WARNING: Shader Did you use #pragma only_renderers and omit this platform?
WARNING: Shader If subshaders removal was intentional, you may have forgotten turning Fallback off?
WARNING: Shader Unsupported: 'Universal Render Pipeline/Terrain/Lit' - All subshaders removed
WARNING: Shader Did you use #pragma only_renderers and omit this platform?
WARNING: Shader If subshaders removal was intentional, you may have forgotten turning Fallback off?
Refreshing native plugins compatible for Editor in 1.88 ms, found 3 plugins.
Preloading 0 native plugins for Editor in 0.00 ms.
Unloading 339 Unused Serialized files (Serialized files now loaded: 0)
Unloading 8150 unused Assets / (49.0 MB). Loaded Objects now: 8447.
Memory consumption went from 236.1 MB to 187.1 MB.
Total: 37.915600 ms (FindLiveObjects: 1.366400 ms CreateObjectMapping: 1.842400 ms MarkObjects: 7.398900 ms  DeleteObjects: 27.305200 ms)

Prepare: number of updated asset objects reloaded= 0
========================================================================
Received Import Request.
  Time since last request: 7509.872705 seconds.
  path: Assets/FPS Framework/Scenes/Game/ReflectionProbe-0.exr
  artifactKey: Guid(bf80a27cd38b8d14ab1c6a54f6384700) Importer(815301076,1909f56bfc062723c751e8b465ee728b)
Start importing Assets/FPS Framework/Scenes/Game/ReflectionProbe-0.exr using Guid(bf80a27cd38b8d14ab1c6a54f6384700) Importer(815301076,1909f56bfc062723c751e8b465ee728b) (PreviewImporter) -> (artifact id: '09718f7b4c651392b80d6613bfdcd515') in 0.2294034 seconds
Number of updated asset objects reloaded before import = 0Number of asset objects unloaded after import = 1

========================================================================
Received Import Request.
  Time since last request: 3.431613 seconds.
  path: Assets/FPS Framework/Scenes/Main Menu/ReflectionProbe-0.exr
  artifactKey: Guid(9607dbbc6a54665438f210309d576da4) Importer(815301076,1909f56bfc062723c751e8b465ee728b)
Start importing Assets/FPS Framework/Scenes/Main Menu/ReflectionProbe-0.exr using Guid(9607dbbc6a54665438f210309d576da4) Importer(815301076,1909f56bfc062723c751e8b465ee728b) (PreviewImporter) -> (artifact id: 'ed24390630424c49fac0806ddef3d5dd') in 0.0389724 seconds
Number of updated asset objects reloaded before import = 0Number of asset objects unloaded after import = 1

========================================================================
Received Import Request.
  Time since last request: 9.518484 seconds.
  path: Assets/FPS Framework/UI/Fonts/Anton/Anton-Regular SDF.asset
  artifactKey: Guid(97175b642426b1c4788ff0786814a1e8) Importer(815301076,1909f56bfc062723c751e8b465ee728b)
Start importing Assets/FPS Framework/UI/Fonts/Anton/Anton-Regular SDF.asset using Guid(97175b642426b1c4788ff0786814a1e8) Importer(815301076,1909f56bfc062723c751e8b465ee728b) (PreviewImporter) -> (artifact id: '5afe829fe0c89e1fdd99361fa0c98ab8') in 0.2306086 seconds
Number of updated asset objects reloaded before import = 0Number of asset objects unloaded after import = 6

========================================================================
Received Import Request.
  Time since last request: 4.892209 seconds.
  path: Assets/FPS Framework/UI/Fonts/Oswald/Oswald-VariableFont_wght SDF.asset
  artifactKey: Guid(bf101812f30681541b290bc7cb4f0798) Importer(815301076,1909f56bfc062723c751e8b465ee728b)
Start importing Assets/FPS Framework/UI/Fonts/Oswald/Oswald-VariableFont_wght SDF.asset using Guid(bf101812f30681541b290bc7cb4f0798) Importer(815301076,1909f56bfc062723c751e8b465ee728b) (PreviewImporter) -> (artifact id: '6daf09d237f26224adcd6f6dd7e009b7') in 0.1621479 seconds
Number of updated asset objects reloaded before import = 0Number of asset objects unloaded after import = 6

========================================================================
Received Import Request.
  Time since last request: 3.033971 seconds.
  path: Assets/FPS Framework/UI/Fonts/Oswald/static/Oswald-Bold SDF.asset
  artifactKey: Guid(c9d2cc057c94539448b95208c911b845) Importer(815301076,1909f56bfc062723c751e8b465ee728b)
Start importing Assets/FPS Framework/UI/Fonts/Oswald/static/Oswald-Bold SDF.asset using Guid(c9d2cc057c94539448b95208c911b845) Importer(815301076,1909f56bfc062723c751e8b465ee728b) (PreviewImporter) -> (artifact id: 'c3a26980052b5c6f701a3f69f1e46ee8') in 0.0769611 seconds
Number of updated asset objects reloaded before import = 0Number of asset objects unloaded after import = 6

========================================================================
Received Import Request.
  Time since last request: 0.000030 seconds.
  path: Assets/FPS Framework/UI/Fonts/Oswald/static/Oswald-Medium SDF.asset
  artifactKey: Guid(db87937cadb3cae4b9d4ae939c237b17) Importer(815301076,1909f56bfc062723c751e8b465ee728b)
Start importing Assets/FPS Framework/UI/Fonts/Oswald/static/Oswald-Medium SDF.asset using Guid(db87937cadb3cae4b9d4ae939c237b17) Importer(815301076,1909f56bfc062723c751e8b465ee728b) (PreviewImporter) -> (artifact id: 'fd723bae6387aba7d1b21c229c24a42a') in 0.0758407 seconds
Number of updated asset objects reloaded before import = 0Number of asset objects unloaded after import = 6

========================================================================
Received Import Request.
  Time since last request: 0.000058 seconds.
  path: Assets/FPS Framework/UI/Fonts/Oswald/static/Oswald-SemiBold.ttf
  artifactKey: Guid(13b2a9523ad3e5b42942bccafe08113e) Importer(815301076,1909f56bfc062723c751e8b465ee728b)
Start importing Assets/FPS Framework/UI/Fonts/Oswald/static/Oswald-SemiBold.ttf using Guid(13b2a9523ad3e5b42942bccafe08113e) Importer(815301076,1909f56bfc062723c751e8b465ee728b) (PreviewImporter) -> (artifact id: 'cd98c6e5a0b28c7f33a0beacbba4e257') in 0.0359441 seconds
Number of updated asset objects reloaded before import = 0Number of asset objects unloaded after import = 4

========================================================================
Received Import Request.
  Time since last request: 0.000021 seconds.
  path: Assets/FPS Framework/UI/Fonts/Oswald/static/Oswald-SemiBold SDF.asset
  artifactKey: Guid(80b8d253ff773f24abd24fcfd4fbcec0) Importer(815301076,1909f56bfc062723c751e8b465ee728b)
Start importing Assets/FPS Framework/UI/Fonts/Oswald/static/Oswald-SemiBold SDF.asset using Guid(80b8d253ff773f24abd24fcfd4fbcec0) Importer(815301076,1909f56bfc062723c751e8b465ee728b) (PreviewImporter) -> (artifact id: 'c6d91fbb5bf81e1bd46abd865d4b27fb') in 0.0865468 seconds
Number of updated asset objects reloaded before import = 0Number of asset objects unloaded after import = 6

========================================================================
Received Import Request.
  Time since last request: 0.000025 seconds.
  path: Assets/FPS Framework/UI/Fonts/Oswald/static/Oswald-Regular SDF.asset
  artifactKey: Guid(2c55029cb415ed0459adf326d3202cac) Importer(815301076,1909f56bfc062723c751e8b465ee728b)
Start importing Assets/FPS Framework/UI/Fonts/Oswald/static/Oswald-Regular SDF.asset using Guid(2c55029cb415ed0459adf326d3202cac) Importer(815301076,1909f56bfc062723c751e8b465ee728b) (PreviewImporter) -> (artifact id: '902d9f99c42c4028a3b0fdbb775c9666') in 0.0736482 seconds
Number of updated asset objects reloaded before import = 0Number of asset objects unloaded after import = 6

========================================================================
Received Import Request.
  Time since last request: 0.000035 seconds.
  path: Assets/FPS Framework/UI/Fonts/Oswald/static/Oswald-ExtraLight.ttf
  artifactKey: Guid(9e3ff65c8861f384a9ae6aeacc1ee16a) Importer(815301076,1909f56bfc062723c751e8b465ee728b)
Start importing Assets/FPS Framework/UI/Fonts/Oswald/static/Oswald-ExtraLight.ttf using Guid(9e3ff65c8861f384a9ae6aeacc1ee16a) Importer(815301076,1909f56bfc062723c751e8b465ee728b) (PreviewImporter) -> (artifact id: '5e0f701e86cfaef10a63498809382c1c') in 0.0219352 seconds
Number of updated asset objects reloaded before import = 0Number of asset objects unloaded after import = 4

========================================================================
Received Import Request.
  Time since last request: 0.000031 seconds.
  path: Assets/FPS Framework/UI/Fonts/Oswald/static/Oswald-Regular.ttf
  artifactKey: Guid(912f3c3db301c5743bc06e1ce7b3d0c8) Importer(815301076,1909f56bfc062723c751e8b465ee728b)
Start importing Assets/FPS Framework/UI/Fonts/Oswald/static/Oswald-Regular.ttf using Guid(912f3c3db301c5743bc06e1ce7b3d0c8) Importer(815301076,1909f56bfc062723c751e8b465ee728b) (PreviewImporter) -> (artifact id: '85f3b6da55adbadb1d5e5c2d54bab2fe') in 0.0279046 seconds
Number of updated asset objects reloaded before import = 0Number of asset objects unloaded after import = 4

========================================================================
Received Import Request.
  Time since last request: 2.416769 seconds.
  path: Assets/FPS Framework/UI/Fonts/Roboto/Roboto-Black SDF.asset
  artifactKey: Guid(bcdb371d23f808b4992452ca7a8ee62c) Importer(815301076,1909f56bfc062723c751e8b465ee728b)
Start importing Assets/FPS Framework/UI/Fonts/Roboto/Roboto-Black SDF.asset using Guid(bcdb371d23f808b4992452ca7a8ee62c) Importer(815301076,1909f56bfc062723c751e8b465ee728b) (PreviewImporter) -> (artifact id: '728ca7173d7c52973d98ca781b8224e8') in 0.1206387 seconds
Number of updated asset objects reloaded before import = 0Number of asset objects unloaded after import = 6

========================================================================
Received Import Request.
  Time since last request: 0.000026 seconds.
  path: Assets/FPS Framework/UI/Fonts/Roboto/Roboto-LightItalic SDF.asset
  artifactKey: Guid(62cb1c8351af24a44aa692ac5086cba2) Importer(815301076,1909f56bfc062723c751e8b465ee728b)
Start importing Assets/FPS Framework/UI/Fonts/Roboto/Roboto-LightItalic SDF.asset using Guid(62cb1c8351af24a44aa692ac5086cba2) Importer(815301076,1909f56bfc062723c751e8b465ee728b) (PreviewImporter) -> (artifact id: 'c5640017b8c8303b4286be06158a16f2') in 0.0697377 seconds
Number of updated asset objects reloaded before import = 0Number of asset objects unloaded after import = 6

========================================================================
Received Import Request.
  Time since last request: 0.000048 seconds.
  path: Assets/FPS Framework/UI/Fonts/Roboto/Roboto-Regular SDF.asset
  artifactKey: Guid(0e77ff5f8641b4a4dad1f3b53bac357a) Importer(815301076,1909f56bfc062723c751e8b465ee728b)
Start importing Assets/FPS Framework/UI/Fonts/Roboto/Roboto-Regular SDF.asset using Guid(0e77ff5f8641b4a4dad1f3b53bac357a) Importer(815301076,1909f56bfc062723c751e8b465ee728b) (PreviewImporter) -> (artifact id: 'f34c9479e3115d906714f9247a95b0a1') in 0.086122 seconds
Number of updated asset objects reloaded before import = 0Number of asset objects unloaded after import = 6

========================================================================
Received Import Request.
  Time since last request: 0.000030 seconds.
  path: Assets/FPS Framework/UI/Fonts/Roboto/Roboto-MediumItalic.ttf
  artifactKey: Guid(f3e56bf5a059f074f83f45f15db268f7) Importer(815301076,1909f56bfc062723c751e8b465ee728b)
Start importing Assets/FPS Framework/UI/Fonts/Roboto/Roboto-MediumItalic.ttf using Guid(f3e56bf5a059f074f83f45f15db268f7) Importer(815301076,1909f56bfc062723c751e8b465ee728b) (PreviewImporter) -> (artifact id: '5288e1e28adb0a49d1adbb9c85100a21') in 0.0261065 seconds
Number of updated asset objects reloaded before import = 0Number of asset objects unloaded after import = 4

========================================================================
Received Import Request.
  Time since last request: 0.000026 seconds.
  path: Assets/FPS Framework/UI/Fonts/Roboto/Roboto-BoldItalic.ttf
  artifactKey: Guid(4807a31804270544ab6e26f801761f2a) Importer(815301076,1909f56bfc062723c751e8b465ee728b)
Start importing Assets/FPS Framework/UI/Fonts/Roboto/Roboto-BoldItalic.ttf using Guid(4807a31804270544ab6e26f801761f2a) Importer(815301076,1909f56bfc062723c751e8b465ee728b) (PreviewImporter) -> (artifact id: '789174a7250ceeac346320302c2dde49') in 0.0417932 seconds
Number of updated asset objects reloaded before import = 0Number of asset objects unloaded after import = 4

========================================================================
Received Import Request.
  Time since last request: 0.000083 seconds.
  path: Assets/FPS Framework/UI/Fonts/Roboto/Roboto-Italic.ttf
  artifactKey: Guid(c34b9690eba3659408cee182d3e534ed) Importer(815301076,1909f56bfc062723c751e8b465ee728b)
Start importing Assets/FPS Framework/UI/Fonts/Roboto/Roboto-Italic.ttf using Guid(c34b9690eba3659408cee182d3e534ed) Importer(815301076,1909f56bfc062723c751e8b465ee728b) (PreviewImporter) -> (artifact id: '696c2d41f4dd7ba279ab4627f46779a9') in 0.0340697 seconds
Number of updated asset objects reloaded before import = 0Number of asset objects unloaded after import = 4

========================================================================
Received Import Request.
  Time since last request: 0.000044 seconds.
  path: Assets/FPS Framework/UI/Fonts/Roboto/Roboto-MediumItalic SDF.asset
  artifactKey: Guid(67bc2cfa3798a5e40a738ad030573ba4) Importer(815301076,1909f56bfc062723c751e8b465ee728b)
Start importing Assets/FPS Framework/UI/Fonts/Roboto/Roboto-MediumItalic SDF.asset using Guid(67bc2cfa3798a5e40a738ad030573ba4) Importer(815301076,1909f56bfc062723c751e8b465ee728b) (PreviewImporter) -> (artifact id: 'a80376113e2d09241423f0c254b18059') in 0.0724569 seconds
Number of updated asset objects reloaded before import = 0Number of asset objects unloaded after import = 6

========================================================================
Received Import Request.
  Time since last request: 0.000037 seconds.
  path: Assets/FPS Framework/UI/Fonts/Roboto/Roboto-BlackItalic.ttf
  artifactKey: Guid(e9ef1151307be4349a0e32cd938e2b7f) Importer(815301076,1909f56bfc062723c751e8b465ee728b)
Start importing Assets/FPS Framework/UI/Fonts/Roboto/Roboto-BlackItalic.ttf using Guid(e9ef1151307be4349a0e32cd938e2b7f) Importer(815301076,1909f56bfc062723c751e8b465ee728b) (PreviewImporter) -> (artifact id: 'eac02f05d99280fc1d8f7c0288265be9') in 0.0261797 seconds
Number of updated asset objects reloaded before import = 0Number of asset objects unloaded after import = 4

========================================================================
Received Import Request.
  Time since last request: 0.000139 seconds.
  path: Assets/FPS Framework/UI/Fonts/Roboto/Roboto-Medium SDF.asset
  artifactKey: Guid(5e3f0f803ce764540a1209675e25acb2) Importer(815301076,1909f56bfc062723c751e8b465ee728b)
Start importing Assets/FPS Framework/UI/Fonts/Roboto/Roboto-Medium SDF.asset using Guid(5e3f0f803ce764540a1209675e25acb2) Importer(815301076,1909f56bfc062723c751e8b465ee728b) (PreviewImporter) -> (artifact id: '67225db117bad11dec0d7415e87087b3') in 0.0785725 seconds
Number of updated asset objects reloaded before import = 0Number of asset objects unloaded after import = 6

========================================================================
Received Import Request.
  Time since last request: 0.000030 seconds.
  path: Assets/FPS Framework/UI/Fonts/Roboto/Roboto-Bold SDF.asset
  artifactKey: Guid(c1e3005e7039d264989db70c123d1354) Importer(815301076,1909f56bfc062723c751e8b465ee728b)
Start importing Assets/FPS Framework/UI/Fonts/Roboto/Roboto-Bold SDF.asset using Guid(c1e3005e7039d264989db70c123d1354) Importer(815301076,1909f56bfc062723c751e8b465ee728b) (PreviewImporter) -> (artifact id: 'a6502abc821925c66ac8563ee58ffb85') in 0.0829432 seconds
Number of updated asset objects reloaded before import = 0Number of asset objects unloaded after import = 6

========================================================================
Received Import Request.
  Time since last request: 0.000031 seconds.
  path: Assets/FPS Framework/UI/Fonts/Roboto/Roboto-ThinItalic.ttf
  artifactKey: Guid(635f0d766a88d074bb7ed38b9aa8dee1) Importer(815301076,1909f56bfc062723c751e8b465ee728b)
Start importing Assets/FPS Framework/UI/Fonts/Roboto/Roboto-ThinItalic.ttf using Guid(635f0d766a88d074bb7ed38b9aa8dee1) Importer(815301076,1909f56bfc062723c751e8b465ee728b) (PreviewImporter) -> (artifact id: '0035a07fafc5bfd57b030b3b96f77198') in 0.0250089 seconds
Number of updated asset objects reloaded before import = 0Number of asset objects unloaded after import = 4

========================================================================
Received Import Request.
  Time since last request: 2.468079 seconds.
  path: Assets/FPS Framework/UI/Fonts/Sarabun/Sarabun-Bold SDF.asset
  artifactKey: Guid(3c7c41a78e93b914e99ff77667d571d9) Importer(815301076,1909f56bfc062723c751e8b465ee728b)
Start importing Assets/FPS Framework/UI/Fonts/Sarabun/Sarabun-Bold SDF.asset using Guid(3c7c41a78e93b914e99ff77667d571d9) Importer(815301076,1909f56bfc062723c751e8b465ee728b) (PreviewImporter) -> (artifact id: '41b5e68aebb8f1c536c35f15e83da049') in 0.0714854 seconds
Number of updated asset objects reloaded before import = 0Number of asset objects unloaded after import = 6

========================================================================
Received Import Request.
  Time since last request: 0.000022 seconds.
  path: Assets/FPS Framework/UI/Fonts/Sarabun/Sarabun-Thin SDF.asset
  artifactKey: Guid(3ad079e932e5ac24e894e26971ce367f) Importer(815301076,1909f56bfc062723c751e8b465ee728b)
Start importing Assets/FPS Framework/UI/Fonts/Sarabun/Sarabun-Thin SDF.asset using Guid(3ad079e932e5ac24e894e26971ce367f) Importer(815301076,1909f56bfc062723c751e8b465ee728b) (PreviewImporter) -> (artifact id: '8453f4ad485ffd16eb283c11845a5c74') in 0.0784508 seconds
Number of updated asset objects reloaded before import = 0Number of asset objects unloaded after import = 6

========================================================================
Received Import Request.
  Time since last request: 0.000023 seconds.
  path: Assets/FPS Framework/UI/Fonts/Sarabun/Sarabun-ExtraLight.ttf
  artifactKey: Guid(08b9f2ac31a5e444eacafec32eaec62e) Importer(815301076,1909f56bfc062723c751e8b465ee728b)
Start importing Assets/FPS Framework/UI/Fonts/Sarabun/Sarabun-ExtraLight.ttf using Guid(08b9f2ac31a5e444eacafec32eaec62e) Importer(815301076,1909f56bfc062723c751e8b465ee728b) (PreviewImporter) -> (artifact id: 'd39d818fd54d69d4630de96b8101be9a') in 0.0227894 seconds
Number of updated asset objects reloaded before import = 0Number of asset objects unloaded after import = 4

========================================================================
Received Import Request.
  Time since last request: 0.000022 seconds.
  path: Assets/FPS Framework/UI/Fonts/Sarabun/Sarabun-SemiBoldItalic.ttf
  artifactKey: Guid(244bb7913043ca642b71d826f9887548) Importer(815301076,1909f56bfc062723c751e8b465ee728b)
Start importing Assets/FPS Framework/UI/Fonts/Sarabun/Sarabun-SemiBoldItalic.ttf using Guid(244bb7913043ca642b71d826f9887548) Importer(815301076,1909f56bfc062723c751e8b465ee728b) (PreviewImporter) -> (artifact id: 'bcaab51d5ff2bab0b364bbaeab32b89f') in 0.0228326 seconds
Number of updated asset objects reloaded before import = 0Number of asset objects unloaded after import = 4

========================================================================
Received Import Request.
  Time since last request: 0.000034 seconds.
  path: Assets/FPS Framework/UI/Fonts/Sarabun/Sarabun-ExtraBoldItalic SDF.asset
  artifactKey: Guid(d0420619560038e4bb0443c51e7f3506) Importer(815301076,1909f56bfc062723c751e8b465ee728b)
Start importing Assets/FPS Framework/UI/Fonts/Sarabun/Sarabun-ExtraBoldItalic SDF.asset using Guid(d0420619560038e4bb0443c51e7f3506) Importer(815301076,1909f56bfc062723c751e8b465ee728b) (PreviewImporter) -> (artifact id: '22df6aa5905c74cbf46a91721b382a78') in 0.072956 seconds
Number of updated asset objects reloaded before import = 0Number of asset objects unloaded after import = 6

========================================================================
Received Import Request.
  Time since last request: 0.000029 seconds.
  path: Assets/FPS Framework/UI/Fonts/Sarabun/Sarabun-Regular SDF.asset
  artifactKey: Guid(4ebc5e49efaef8846b4252134a74decd) Importer(815301076,1909f56bfc062723c751e8b465ee728b)
Start importing Assets/FPS Framework/UI/Fonts/Sarabun/Sarabun-Regular SDF.asset using Guid(4ebc5e49efaef8846b4252134a74decd) Importer(815301076,1909f56bfc062723c751e8b465ee728b) (PreviewImporter) -> (artifact id: '128f4209aada6f78c86c9e8dd05552e8') in 0.0814531 seconds
Number of updated asset objects reloaded before import = 0Number of asset objects unloaded after import = 8

========================================================================
Received Import Request.
  Time since last request: 0.000033 seconds.
  path: Assets/FPS Framework/UI/Fonts/Sarabun/Sarabun-BoldItalic.ttf
  artifactKey: Guid(a7eaa3dc2766cd640b8e438b7ce55d61) Importer(815301076,1909f56bfc062723c751e8b465ee728b)
Start importing Assets/FPS Framework/UI/Fonts/Sarabun/Sarabun-BoldItalic.ttf using Guid(a7eaa3dc2766cd640b8e438b7ce55d61) Importer(815301076,1909f56bfc062723c751e8b465ee728b) (PreviewImporter) -> (artifact id: '6751fda8c29b09c74d55cb23de221f5d') in 0.0180904 seconds
Number of updated asset objects reloaded before import = 0Number of asset objects unloaded after import = 4

========================================================================
Received Import Request.
  Time since last request: 0.000021 seconds.
  path: Assets/FPS Framework/UI/Fonts/Sarabun/Sarabun-SemiBold.ttf
  artifactKey: Guid(39d3318ba94cebc48af79eb6cdb580ab) Importer(815301076,1909f56bfc062723c751e8b465ee728b)
Start importing Assets/FPS Framework/UI/Fonts/Sarabun/Sarabun-SemiBold.ttf using Guid(39d3318ba94cebc48af79eb6cdb580ab) Importer(815301076,1909f56bfc062723c751e8b465ee728b) (PreviewImporter) -> (artifact id: '38132d53336b2587a3e58825f7e744ce') in 0.0231879 seconds
Number of updated asset objects reloaded before import = 0Number of asset objects unloaded after import = 4

========================================================================
Received Import Request.
  Time since last request: 0.000032 seconds.
  path: Assets/FPS Framework/UI/Fonts/Sarabun/Sarabun-BoldItalic SDF.asset
  artifactKey: Guid(432413c352804534197c2d01fc4b09db) Importer(815301076,1909f56bfc062723c751e8b465ee728b)
Start importing Assets/FPS Framework/UI/Fonts/Sarabun/Sarabun-BoldItalic SDF.asset using Guid(432413c352804534197c2d01fc4b09db) Importer(815301076,1909f56bfc062723c751e8b465ee728b) (PreviewImporter) -> (artifact id: '75422d4b9e3ed11ddd3b3d676477b604') in 0.0791113 seconds
Number of updated asset objects reloaded before import = 0Number of asset objects unloaded after import = 6

========================================================================
Received Import Request.
  Time since last request: 0.000036 seconds.
  path: Assets/FPS Framework/UI/Fonts/Sarabun/Sarabun-Italic.ttf
  artifactKey: Guid(d1b3a7d8ef6dbbf409bcd4f26e7a29f0) Importer(815301076,1909f56bfc062723c751e8b465ee728b)
Start importing Assets/FPS Framework/UI/Fonts/Sarabun/Sarabun-Italic.ttf using Guid(d1b3a7d8ef6dbbf409bcd4f26e7a29f0) Importer(815301076,1909f56bfc062723c751e8b465ee728b) (PreviewImporter) -> (artifact id: '2ca28a37e7ae2783cad8dbf8abb4f902') in 0.0258317 seconds
Number of updated asset objects reloaded before import = 0Number of asset objects unloaded after import = 4

========================================================================
Received Import Request.
  Time since last request: 0.000021 seconds.
  path: Assets/FPS Framework/UI/Fonts/Sarabun/Sarabun-ExtraLightItalic SDF.asset
  artifactKey: Guid(f14a6a0a822d71d4686c68ce9e2f650a) Importer(815301076,1909f56bfc062723c751e8b465ee728b)
Start importing Assets/FPS Framework/UI/Fonts/Sarabun/Sarabun-ExtraLightItalic SDF.asset using Guid(f14a6a0a822d71d4686c68ce9e2f650a) Importer(815301076,1909f56bfc062723c751e8b465ee728b) (PreviewImporter) -> (artifact id: 'f84037bc68e1d07f1bad749130fae32e') in 0.0777145 seconds
Number of updated asset objects reloaded before import = 0Number of asset objects unloaded after import = 6

========================================================================
Received Import Request.
  Time since last request: 0.000032 seconds.
  path: Assets/FPS Framework/UI/Fonts/Sarabun/Sarabun-Medium SDF.asset
  artifactKey: Guid(3cf095e4d25d2fe4ba5931caec712594) Importer(815301076,1909f56bfc062723c751e8b465ee728b)
Start importing Assets/FPS Framework/UI/Fonts/Sarabun/Sarabun-Medium SDF.asset using Guid(3cf095e4d25d2fe4ba5931caec712594) Importer(815301076,1909f56bfc062723c751e8b465ee728b) (PreviewImporter) -> (artifact id: '00d604b738ff274be692af33ff6f30a4') in 0.0688425 seconds
Number of updated asset objects reloaded before import = 0Number of asset objects unloaded after import = 6

========================================================================
Received Import Request.
  Time since last request: 0.000046 seconds.
  path: Assets/FPS Framework/UI/Fonts/Sarabun/Sarabun-SemiBold SDF.asset
  artifactKey: Guid(ceb6078946a3cb548808c13e89f2ab19) Importer(815301076,1909f56bfc062723c751e8b465ee728b)
Start importing Assets/FPS Framework/UI/Fonts/Sarabun/Sarabun-SemiBold SDF.asset using Guid(ceb6078946a3cb548808c13e89f2ab19) Importer(815301076,1909f56bfc062723c751e8b465ee728b) (PreviewImporter) -> (artifact id: '0334a2ad355d387fc8f161659ff19b7e') in 0.0711224 seconds
Number of updated asset objects reloaded before import = 0Number of asset objects unloaded after import = 6

========================================================================
Received Import Request.
  Time since last request: 0.000028 seconds.
  path: Assets/FPS Framework/UI/Fonts/Sarabun/Sarabun-SemiBoldItalic SDF.asset
  artifactKey: Guid(6eaedbcd9c5b799479978c1caa7baade) Importer(815301076,1909f56bfc062723c751e8b465ee728b)
Start importing Assets/FPS Framework/UI/Fonts/Sarabun/Sarabun-SemiBoldItalic SDF.asset using Guid(6eaedbcd9c5b799479978c1caa7baade) Importer(815301076,1909f56bfc062723c751e8b465ee728b) (PreviewImporter) -> (artifact id: '76843d2124aa790a44ec7a587d22e11c') in 0.0745358 seconds
Number of updated asset objects reloaded before import = 0Number of asset objects unloaded after import = 6

========================================================================
Received Import Request.
  Time since last request: 26.938299 seconds.
  path: Assets/FPS Framework/UI/TextMesh Pro/Shaders/TMPro_Mobile.cginc
  artifactKey: Guid(c334973cef89a9840b0b0c507e0377ab) Importer(815301076,1909f56bfc062723c751e8b465ee728b)
Start importing Assets/FPS Framework/UI/TextMesh Pro/Shaders/TMPro_Mobile.cginc using Guid(c334973cef89a9840b0b0c507e0377ab) Importer(815301076,1909f56bfc062723c751e8b465ee728b) (PreviewImporter) -> (artifact id: '74d66994606735227f1ae507a0f4f55e') in 0.0018057 seconds
Number of updated asset objects reloaded before import = 0Number of asset objects unloaded after import = 1

========================================================================
Received Import Request.
  Time since last request: 59.377366 seconds.
  path: Assets/HDRPDefaultResources/HDRenderPipelineGlobalSettings.asset
  artifactKey: Guid(0884933cb7f65aa4992e6c281166c60e) Importer(815301076,1909f56bfc062723c751e8b465ee728b)
Start importing Assets/HDRPDefaultResources/HDRenderPipelineGlobalSettings.asset using Guid(0884933cb7f65aa4992e6c281166c60e) Importer(815301076,1909f56bfc062723c751e8b465ee728b) (PreviewImporter) -> (artifact id: '9f7649b64296424b5f49915c9ccfc763') in 1.6211944 seconds
Number of updated asset objects reloaded before import = 0Number of asset objects unloaded after import = 433

========================================================================
Received Import Request.
  Time since last request: 13.534495 seconds.
  path: Assets/Settings/Mobile_RPAsset.asset
  artifactKey: Guid(5e6cbd92db86f4b18aec3ed561671858) Importer(815301076,1909f56bfc062723c751e8b465ee728b)
Start importing Assets/Settings/Mobile_RPAsset.asset using Guid(5e6cbd92db86f4b18aec3ed561671858) Importer(815301076,1909f56bfc062723c751e8b465ee728b) (PreviewImporter) -> (artifact id: 'f1baa7ed2e4e628ac8d15bf936c47a0d') in 0.3638396 seconds
Number of updated asset objects reloaded before import = 0Number of asset objects unloaded after import = 50

========================================================================
Received Import Request.
  Time since last request: 0.000037 seconds.
  path: Assets/Settings/SampleSceneProfile.asset
  artifactKey: Guid(10fc4df2da32a41aaa32d77bc913491c) Importer(815301076,1909f56bfc062723c751e8b465ee728b)
Start importing Assets/Settings/SampleSceneProfile.asset using Guid(10fc4df2da32a41aaa32d77bc913491c) Importer(815301076,1909f56bfc062723c751e8b465ee728b) (PreviewImporter) -> (artifact id: 'fda33ae0c62d49442dcccd105e0e1850') in 0.001789 seconds
Number of updated asset objects reloaded before import = 0Number of asset objects unloaded after import = 0

Editor requested this worker to shutdown with reason: Scaling down because of idle timeout
AssetImportWorker is now disconnected from the server
Process exiting
Exiting without the bug reporter. Application will terminate with return code 0