Using pre-set license
Built from '6000.1/staging' branch; Version is '6000.1.10f1 (3c681a6c22ff) revision 3958810'; Using compiler version '194234433'; Build Type 'Release'
OS: 'Windows 11  (10.0.26100) 64bit Professional' Language: 'ru' Physical Memory: 16253 MB
BatchMode: 1, IsHumanControllingUs: 0, StartBugReporterOnCrash: 0, Is64bit: 1, IsPro: 1
Date: 2025-07-12T16:05:50Z

COMMAND LINE ARGUMENTS:
C:\Program Files\Unity\Hub\Editor\6000.1.10f1\Editor\Unity.exe
-adb2
-batchMode
-noUpm
-name
AssetImportWorker2
-projectPath
D:/Labs/Study/4 year/2 Semester/DiplomaWork/DarkOperations
-logFile
Logs/AssetImportWorker2.log
-srvPort
61030
-job-worker-count
5
-background-job-worker-count
8
-gc-helper-count
1
-name
AssetImport
Successfully changed project path to: D:/Labs/Study/4 year/2 Semester/DiplomaWork/DarkOperations
D:/Labs/Study/4 year/2 Semester/DiplomaWork/DarkOperations
[UnityMemory] Configuration Parameters - Can be set up in boot.config
    "memorysetup-allocator-temp-initial-block-size-main=262144"
    "memorysetup-allocator-temp-initial-block-size-worker=262144"
    "memorysetup-bucket-allocator-granularity=16"
    "memorysetup-bucket-allocator-bucket-count=8"
    "memorysetup-bucket-allocator-block-size=33554432"
    "memorysetup-bucket-allocator-block-count=8"
    "memorysetup-main-allocator-block-size=16777216"
    "memorysetup-thread-allocator-block-size=16777216"
    "memorysetup-gfx-main-allocator-block-size=16777216"
    "memorysetup-gfx-thread-allocator-block-size=16777216"
    "memorysetup-cache-allocator-block-size=4194304"
    "memorysetup-typetree-allocator-block-size=2097152"
    "memorysetup-profiler-bucket-allocator-granularity=16"
    "memorysetup-profiler-bucket-allocator-bucket-count=8"
    "memorysetup-profiler-bucket-allocator-block-size=33554432"
    "memorysetup-profiler-bucket-allocator-block-count=8"
    "memorysetup-profiler-allocator-block-size=16777216"
    "memorysetup-profiler-editor-allocator-block-size=1048576"
    "memorysetup-temp-allocator-size-main=16777216"
    "memorysetup-job-temp-allocator-block-size=2097152"
    "memorysetup-job-temp-allocator-block-size-background=1048576"
    "memorysetup-job-temp-allocator-reduction-small-platforms=262144"
    "memorysetup-temp-allocator-size-background-worker=32768"
    "memorysetup-temp-allocator-size-job-worker=262144"
    "memorysetup-temp-allocator-size-preload-manager=33554432"
    "memorysetup-temp-allocator-size-nav-mesh-worker=65536"
    "memorysetup-temp-allocator-size-audio-worker=65536"
    "memorysetup-temp-allocator-size-cloud-worker=32768"
    "memorysetup-temp-allocator-size-gi-baking-worker=262144"
    "memorysetup-temp-allocator-size-gi-baking-worker=262144"
    "memorysetup-temp-allocator-size-gi-baking-worker=262144"
    "memorysetup-temp-allocator-size-gi-baking-worker=262144"
    "memorysetup-temp-allocator-size-gi-baking-worker=262144"
    "memorysetup-temp-allocator-size-gfx=262144"
Player connection [24760]  Target information:

Player connection [24760]  * "[IP] 192.168.31.211 [Port] 0 [Flags] 2 [Guid] 1703778158 [EditorId] 1703778158 [Version] 1048832 [Id] WindowsEditor(7,Kirill) [Debug] 1 [PackageName] WindowsEditor [ProjectName] Editor" 

Player connection [24760] Host joined multi-casting on [225.0.0.222:54997]...
Player connection [24760] Host joined alternative multi-casting on [225.0.0.222:34997]...
JobSystem: Creating JobQueue using job-worker-count value 5
Input System module state changed to: Initialized.
[Physics::Module] Initialized fallback backend.
[Physics::Module] Id: 0xdecafbad
Library Redirect Path: Library/
[Physics::Module] Selected backend.
[Physics::Module] Name: PhysX
[Physics::Module] Id: 0xf2b8ea05
[Physics::Module] SDK Version: 4.1.2
[Physics::Module] Integration Version: 1.0.0
[Physics::Module] Threading Mode: Multi-Threaded
Refreshing native plugins compatible for Editor in 3.72 ms, found 3 plugins.
Preloading 0 native plugins for Editor in 0.00 ms.
Initialize engine version: 6000.1.10f1 (3c681a6c22ff)
[Subsystems] Discovering subsystems at path C:/Program Files/Unity/Hub/Editor/6000.1.10f1/Editor/Data/Resources/UnitySubsystems
[Subsystems] Discovering subsystems at path D:/Labs/Study/4 year/2 Semester/DiplomaWork/DarkOperations/Assets
GfxDevice: creating device client; kGfxThreadingModeNonThreaded
Direct3D:
    Version:         Direct3D 12 [level 12.1]
    Renderer:        NVIDIA GeForce GTX 1650 (ID=0x1f99)
    Vendor:          NVIDIA
    VRAM:            3937 MB
    App VRAM Budget: 3346 MB
    Driver:          32.0.15.7688
Initialize mono
Mono path[0] = 'C:/Program Files/Unity/Hub/Editor/6000.1.10f1/Editor/Data/Managed'
Mono path[1] = 'C:/Program Files/Unity/Hub/Editor/6000.1.10f1/Editor/Data/MonoBleedingEdge/lib/mono/unityjit-win32'
Mono config path = 'C:/Program Files/Unity/Hub/Editor/6000.1.10f1/Editor/Data/MonoBleedingEdge/etc'
Using monoOptions --debugger-agent=transport=dt_socket,embedding=1,server=y,suspend=n,address=127.0.0.1:56888
Begin MonoManager ReloadAssembly
Registering precompiled unity dll's ...
Register platform support module: C:/Program Files/Unity/Hub/Editor/6000.1.10f1/Editor/Data/PlaybackEngines/WindowsStandaloneSupport/UnityEditor.WindowsStandalone.Extensions.dll
Registered in 0.001723 seconds.
- Loaded All Assemblies, in  0.415 seconds
Native extension for WindowsStandalone target not found
Mono: successfully reloaded assembly
- Finished resetting the current domain, in  0.371 seconds
Domain Reload Profiling: 784ms
	BeginReloadAssembly (134ms)
		ExecutionOrderSort (0ms)
		DisableScriptedObjects (0ms)
		BackupInstance (0ms)
		ReleaseScriptingObjects (0ms)
		CreateAndSetChildDomain (1ms)
	RebuildCommonClasses (43ms)
	RebuildNativeTypeToScriptingClass (13ms)
	initialDomainReloadingComplete (47ms)
	LoadAllAssembliesAndSetupDomain (176ms)
		LoadAssemblies (131ms)
		RebuildTransferFunctionScriptingTraits (0ms)
		AnalyzeDomain (173ms)
			TypeCache.Refresh (171ms)
				TypeCache.ScanAssembly (157ms)
			BuildScriptInfoCaches (0ms)
			ResolveRequiredComponents (1ms)
	FinalizeReload (371ms)
		ReleaseScriptCaches (0ms)
		RebuildScriptCaches (0ms)
		SetupLoadedEditorAssemblies (315ms)
			LogAssemblyErrors (0ms)
			InitializePlatformSupportModulesInManaged (54ms)
			SetLoadedEditorAssemblies (4ms)
			BeforeProcessingInitializeOnLoad (62ms)
			ProcessInitializeOnLoadAttributes (140ms)
			ProcessInitializeOnLoadMethodAttributes (56ms)
			AfterProcessingInitializeOnLoad (0ms)
			EditorAssembliesLoaded (0ms)
		ExecutionOrderSort2 (0ms)
		AwakeInstancesAfterBackupRestoration (0ms)
========================================================================
Worker process is ready to serve import requests
Import Worker Mode flag is 0x00
Begin MonoManager ReloadAssembly
Symbol file LoadedFromMemory is not a mono symbol file
- Loaded All Assemblies, in  0.898 seconds
'Packages/com.unity.render-pipelines.high-definition/Editor/Wizard/HDWizard.UIElement.cs' contains partial class of Unity.Object, exactly 1 of the partial classes needs to be in a file with the same filename. This is to know the one that can be referenced from ie. GameObjects
'Packages/com.unity.render-pipelines.high-definition/Editor/Wizard/HDWizard.Configuration.cs' contains partial class of Unity.Object, exactly 1 of the partial classes needs to be in a file with the same filename. This is to know the one that can be referenced from ie. GameObjects
'Packages/com.unity.render-pipelines.high-definition/Editor/Wizard/HDWizard.Window.cs' contains partial class of Unity.Object, exactly 1 of the partial classes needs to be in a file with the same filename. This is to know the one that can be referenced from ie. GameObjects
Refreshing native plugins compatible for Editor in 0.95 ms, found 3 plugins.
Native extension for WindowsStandalone target not found
Mono: successfully reloaded assembly
- Finished resetting the current domain, in  0.917 seconds
Domain Reload Profiling: 1813ms
	BeginReloadAssembly (180ms)
		ExecutionOrderSort (0ms)
		DisableScriptedObjects (6ms)
		BackupInstance (0ms)
		ReleaseScriptingObjects (0ms)
		CreateAndSetChildDomain (31ms)
	RebuildCommonClasses (42ms)
	RebuildNativeTypeToScriptingClass (14ms)
	initialDomainReloadingComplete (42ms)
	LoadAllAssembliesAndSetupDomain (618ms)
		LoadAssemblies (367ms)
		RebuildTransferFunctionScriptingTraits (0ms)
		AnalyzeDomain (353ms)
			TypeCache.Refresh (262ms)
				TypeCache.ScanAssembly (242ms)
			BuildScriptInfoCaches (72ms)
			ResolveRequiredComponents (15ms)
	FinalizeReload (917ms)
		ReleaseScriptCaches (0ms)
		RebuildScriptCaches (0ms)
		SetupLoadedEditorAssemblies (767ms)
			LogAssemblyErrors (0ms)
			InitializePlatformSupportModulesInManaged (2ms)
			SetLoadedEditorAssemblies (3ms)
			BeforeProcessingInitializeOnLoad (126ms)
			ProcessInitializeOnLoadAttributes (556ms)
			ProcessInitializeOnLoadMethodAttributes (74ms)
			AfterProcessingInitializeOnLoad (5ms)
			EditorAssembliesLoaded (0ms)
		ExecutionOrderSort2 (0ms)
		AwakeInstancesAfterBackupRestoration (6ms)
WARNING: Shader Unsupported: 'HDRP/TerrainLit' - All subshaders removed
WARNING: Shader Did you use #pragma only_renderers and omit this platform?
WARNING: Shader If subshaders removal was intentional, you may have forgotten turning Fallback off?
WARNING: Shader Unsupported: 'HDRP/TerrainLit' - All subshaders removed
WARNING: Shader Did you use #pragma only_renderers and omit this platform?
WARNING: Shader If subshaders removal was intentional, you may have forgotten turning Fallback off?
WARNING: Shader Unsupported: 'Hidden/Universal Render Pipeline/Terrain/Lit (Base Pass)' - All subshaders removed
WARNING: Shader Did you use #pragma only_renderers and omit this platform?
WARNING: Shader If subshaders removal was intentional, you may have forgotten turning Fallback off?
WARNING: Shader Unsupported: 'Hidden/Universal Render Pipeline/Terrain/Lit (Base Pass)' - All subshaders removed
WARNING: Shader Did you use #pragma only_renderers and omit this platform?
WARNING: Shader If subshaders removal was intentional, you may have forgotten turning Fallback off?
WARNING: Shader Unsupported: 'Universal Render Pipeline/Terrain/Lit' - All subshaders removed
WARNING: Shader Did you use #pragma only_renderers and omit this platform?
WARNING: Shader If subshaders removal was intentional, you may have forgotten turning Fallback off?
WARNING: Shader Unsupported: 'Universal Render Pipeline/Terrain/Lit' - All subshaders removed
WARNING: Shader Did you use #pragma only_renderers and omit this platform?
WARNING: Shader If subshaders removal was intentional, you may have forgotten turning Fallback off?
Launched and connected shader compiler UnityShaderCompiler.exe after 0.01 seconds
Refreshing native plugins compatible for Editor in 0.78 ms, found 3 plugins.
Preloading 0 native plugins for Editor in 0.00 ms.
Unloading 445 Unused Serialized files (Serialized files now loaded: 0)
Unloading 8006 unused Assets / (26.9 MB). Loaded Objects now: 8557.
Memory consumption went from 278.2 MB to 251.3 MB.
Total: 17.174100 ms (FindLiveObjects: 1.178300 ms CreateObjectMapping: 0.889700 ms MarkObjects: 6.792500 ms  DeleteObjects: 8.308700 ms)

========================================================================
Received Import Request.
  Time since last request: 95841.976426 seconds.
  path: Assets/FPS Framework/Prefabs/Characters
  artifactKey: Guid(9a95de9cc0379294f8f21143cc08df6f) Importer(815301076,1909f56bfc062723c751e8b465ee728b)
Start importing Assets/FPS Framework/Prefabs/Characters using Guid(9a95de9cc0379294f8f21143cc08df6f) Importer(815301076,1909f56bfc062723c751e8b465ee728b) (PreviewImporter) -> (artifact id: 'af6c8cc4df8fd9040938d2790d432535') in 0.0095163 seconds
Number of updated asset objects reloaded before import = 0Number of asset objects unloaded after import = 0

========================================================================
Received Import Request.
  Time since last request: 0.011718 seconds.
  path: Assets/FPS Framework/Prefabs/Characters/Bot.prefab
  artifactKey: Guid(5e8622f54df25394a86952ed25e95583) Importer(815301076,1909f56bfc062723c751e8b465ee728b)
Start importing Assets/FPS Framework/Prefabs/Characters/Bot.prefab using Guid(5e8622f54df25394a86952ed25e95583) Importer(815301076,1909f56bfc062723c751e8b465ee728b) (PreviewImporter) -> (artifact id: '559d8ccc7008905df80fad8b458f00a5') in 0.3402539 seconds
Number of updated asset objects reloaded before import = 0Number of asset objects unloaded after import = 239

========================================================================
Received Import Request.
  Time since last request: 268.183374 seconds.
  path: Assets/FPS Framework/Scripts
  artifactKey: Guid(f0d29de9df50a5d49a78863edd445bd7) Importer(815301076,1909f56bfc062723c751e8b465ee728b)
Start importing Assets/FPS Framework/Scripts using Guid(f0d29de9df50a5d49a78863edd445bd7) Importer(815301076,1909f56bfc062723c751e8b465ee728b) (PreviewImporter) -> (artifact id: '3964545f342320013dcf0ee7a013956a') in 0.0007205 seconds
Number of updated asset objects reloaded before import = 0Number of asset objects unloaded after import = 0

========================================================================
Received Import Request.
  Time since last request: 2.999917 seconds.
  path: Assets/FPS Framework/Scripts/Editor
  artifactKey: Guid(51053e2378b08e2419196486ac67a723) Importer(815301076,1909f56bfc062723c751e8b465ee728b)
Start importing Assets/FPS Framework/Scripts/Editor using Guid(51053e2378b08e2419196486ac67a723) Importer(815301076,1909f56bfc062723c751e8b465ee728b) (PreviewImporter) -> (artifact id: 'd7f5fcca8dc0a8030ff5f8b4b7a73139') in 0.0006319 seconds
Number of updated asset objects reloaded before import = 0Number of asset objects unloaded after import = 0

========================================================================
Received Import Request.
  Time since last request: 22.700380 seconds.
  path: Assets/FPS Framework/Scripts/Character
  artifactKey: Guid(68b76bc2e1ac3b746a32628a746317fe) Importer(815301076,1909f56bfc062723c751e8b465ee728b)
Start importing Assets/FPS Framework/Scripts/Character using Guid(68b76bc2e1ac3b746a32628a746317fe) Importer(815301076,1909f56bfc062723c751e8b465ee728b) (PreviewImporter) -> (artifact id: '9425df65dc7f107c040478019d88fbe7') in 0.0005819 seconds
Number of updated asset objects reloaded before import = 0Number of asset objects unloaded after import = 0

========================================================================
Received Import Request.
  Time since last request: 7.057201 seconds.
  path: Assets/FPS Framework/Scripts/Character/FirstPersonController.cs
  artifactKey: Guid(e49e9ad89ae3c604b9d85d1fd55a5f37) Importer(815301076,1909f56bfc062723c751e8b465ee728b)
Start importing Assets/FPS Framework/Scripts/Character/FirstPersonController.cs using Guid(e49e9ad89ae3c604b9d85d1fd55a5f37) Importer(815301076,1909f56bfc062723c751e8b465ee728b) (PreviewImporter) -> (artifact id: '5648de9e0b2204e907255e8312c1375d') in 0.0006438 seconds
Number of updated asset objects reloaded before import = 0Number of asset objects unloaded after import = 0

========================================================================
Received Import Request.
  Time since last request: 760.405097 seconds.
  path: Assets/FPS Framework/Prefabs/HUD
  artifactKey: Guid(9eaf19c6295cd8341b3f0d7412d85e79) Importer(815301076,1909f56bfc062723c751e8b465ee728b)
Start importing Assets/FPS Framework/Prefabs/HUD using Guid(9eaf19c6295cd8341b3f0d7412d85e79) Importer(815301076,1909f56bfc062723c751e8b465ee728b) (PreviewImporter) -> (artifact id: 'e2324478f3fcc1340e561e3c5a919754') in 0.000774 seconds
Number of updated asset objects reloaded before import = 0Number of asset objects unloaded after import = 0

========================================================================
Received Import Request.
  Time since last request: 0.034143 seconds.
  path: Assets/FPS Framework/Prefabs/HUD/Firearm HUD.prefab
  artifactKey: Guid(0336a53be1116fe48935ea7a38bfc26e) Importer(815301076,1909f56bfc062723c751e8b465ee728b)
Start importing Assets/FPS Framework/Prefabs/HUD/Firearm HUD.prefab using Guid(0336a53be1116fe48935ea7a38bfc26e) Importer(815301076,1909f56bfc062723c751e8b465ee728b) (PreviewImporter) -> (artifact id: 'abef5767b2e7845d31d548b64a14e14d') in 0.0745126 seconds
Number of updated asset objects reloaded before import = 0Number of asset objects unloaded after import = 83

========================================================================
Received Import Request.
  Time since last request: 0.000037 seconds.
  path: Assets/FPS Framework/Prefabs/HUD/Settings Menu.prefab
  artifactKey: Guid(e4df641fdecdeec4f9a829bacafb9fcf) Importer(815301076,1909f56bfc062723c751e8b465ee728b)
Start importing Assets/FPS Framework/Prefabs/HUD/Settings Menu.prefab using Guid(e4df641fdecdeec4f9a829bacafb9fcf) Importer(815301076,1909f56bfc062723c751e8b465ee728b) (PreviewImporter) -> (artifact id: '881a6734112bda7a594ec75d5bf8df03') in 0.0571267 seconds
Number of updated asset objects reloaded before import = 0Number of asset objects unloaded after import = 586

========================================================================
Received Import Request.
  Time since last request: 0.000045 seconds.
  path: Assets/FPS Framework/Prefabs/HUD/Ping.prefab
  artifactKey: Guid(4ad2dac5baebfb0419acae38ce0f2cb9) Importer(815301076,1909f56bfc062723c751e8b465ee728b)
Start importing Assets/FPS Framework/Prefabs/HUD/Ping.prefab using Guid(4ad2dac5baebfb0419acae38ce0f2cb9) Importer(815301076,1909f56bfc062723c751e8b465ee728b) (PreviewImporter) -> (artifact id: '0091acb14ca08845348226a7ce789648') in 0.0029927 seconds
Number of updated asset objects reloaded before import = 0Number of asset objects unloaded after import = 16

========================================================================
Received Import Request.
  Time since last request: 0.000017 seconds.
  path: Assets/FPS Framework/Prefabs/HUD/Main Menu HUD.prefab
  artifactKey: Guid(e7832cc3ea9c6a34eaf66f40642bb7b2) Importer(815301076,1909f56bfc062723c751e8b465ee728b)
Start importing Assets/FPS Framework/Prefabs/HUD/Main Menu HUD.prefab using Guid(e7832cc3ea9c6a34eaf66f40642bb7b2) Importer(815301076,1909f56bfc062723c751e8b465ee728b) (PreviewImporter) -> (artifact id: '03e6b38c32975ae19036a83e5d70b752') in 0.0744805 seconds
Number of updated asset objects reloaded before import = 0Number of asset objects unloaded after import = 678

========================================================================
Received Import Request.
  Time since last request: 41.829827 seconds.
  path: Assets/FPS Framework/Prefabs/HUD/PickupHUD.prefab
  artifactKey: Guid(9aac5e0c0bf3a154da991b896e2089f3) Importer(815301076,1909f56bfc062723c751e8b465ee728b)
Start importing Assets/FPS Framework/Prefabs/HUD/PickupHUD.prefab using Guid(9aac5e0c0bf3a154da991b896e2089f3) Importer(815301076,1909f56bfc062723c751e8b465ee728b) (PreviewImporter) -> (artifact id: 'bcf0a4e1b89f677faeeea1745c17db4a') in 0.0110155 seconds
Number of updated asset objects reloaded before import = 0Number of asset objects unloaded after import = 37

========================================================================
Received Import Request.
  Time since last request: 15.673919 seconds.
  path: Assets/FPS Framework/Prefabs/HUD/HUD.prefab
  artifactKey: Guid(012149545de9c2945b05178ecd69320d) Importer(815301076,1909f56bfc062723c751e8b465ee728b)
Start importing Assets/FPS Framework/Prefabs/HUD/HUD.prefab using Guid(012149545de9c2945b05178ecd69320d) Importer(815301076,1909f56bfc062723c751e8b465ee728b) (PreviewImporter) -> (artifact id: 'e3bc56510c852339139c95aeedf03f6e') in 0.0446763 seconds
Number of updated asset objects reloaded before import = 0Number of asset objects unloaded after import = 1251

========================================================================
Received Import Request.
  Time since last request: 20.602205 seconds.
  path: Assets/FPS Framework/Prefabs/HUD/HUD.prefab
  artifactKey: Guid(012149545de9c2945b05178ecd69320d) Importer(815301076,1909f56bfc062723c751e8b465ee728b)
Start importing Assets/FPS Framework/Prefabs/HUD/HUD.prefab using Guid(012149545de9c2945b05178ecd69320d) Importer(815301076,1909f56bfc062723c751e8b465ee728b) (PreviewImporter) -> (artifact id: '6b6d259c3150aaf56e8fa9a44611c9b8') in 0.047955 seconds
Number of updated asset objects reloaded before import = 0Number of asset objects unloaded after import = 1242

========================================================================
Received Import Request.
  Time since last request: 12.162610 seconds.
  path: Assets/FPS Framework/Scenes/Game.unity
  artifactKey: Guid(c604dab8d2dc4c845b0a15de6b5edc02) Importer(815301076,1909f56bfc062723c751e8b465ee728b)
Start importing Assets/FPS Framework/Scenes/Game.unity using Guid(c604dab8d2dc4c845b0a15de6b5edc02) Importer(815301076,1909f56bfc062723c751e8b465ee728b) (PreviewImporter) -> (artifact id: '8bf616ca1f454ce9bf4d825b236de81c') in 0.0006696 seconds
Number of updated asset objects reloaded before import = 0Number of asset objects unloaded after import = 0

